Arguments: 
  /usr/local/Cellar/node/16.10.0_1/bin/node /usr/local/Cellar/yarn/1.22.11/libexec/bin/yarn.js add @types/ts-node

PATH: 
  /Applications/CMake.app/Contents/bin:/Users/parkerhenderson/.radicle/bin:/Applications/Sublime Text.app/Contents/SharedSupport/bin:/Applications/Sublime Text.app/Contents/SharedSupport/bin:/Applications/Sublime Text.app/Contents/SharedSupport/bin:/usr/local/bin:/usr/bin:/bin:/usr/sbin:/sbin:/usr/local/go/bin:/usr/local/share/dotnet:/opt/X11/bin:~/.dotnet/tools:/Library/Apple/usr/bin:/Library/Frameworks/Mono.framework/Versions/Current/Commands:/Users/parkerhenderson/.cargo/bin:/Users/parkerhenderson/.fig/bin:/Users/parkerhenderson/ninja/ninja:/Users/parkerhenderson/ckit/bin

Yarn version: 
  1.22.11

Node version: 
  16.10.0

Platform: 
  darwin x64

Trace: 
  Error: https://registry.yarnpkg.com/@types%2fts-node: Not found
      at Request.params.callback [as _callback] (/usr/local/Cellar/yarn/1.22.11/libexec/lib/cli.js:66992:18)
      at Request.self.callback (/usr/local/Cellar/yarn/1.22.11/libexec/lib/cli.js:140763:22)
      at Request.emit (node:events:390:28)
      at Request.<anonymous> (/usr/local/Cellar/yarn/1.22.11/libexec/lib/cli.js:141735:10)
      at Request.emit (node:events:390:28)
      at IncomingMessage.<anonymous> (/usr/local/Cellar/yarn/1.22.11/libexec/lib/cli.js:141657:12)
      at Object.onceWrapper (node:events:509:28)
      at IncomingMessage.emit (node:events:402:35)
      at endReadableNT (node:internal/streams/readable:1343:12)
      at processTicksAndRejections (node:internal/process/task_queues:83:21)

npm manifest: 
  {
    "name": "compiler",
    "version": "1.0.0",
    "main": "build/index.js",
    "license": "MIT",
    "dependencies": {
      "@types/node": "^16.11.5",
      "nodemon": "^2.0.14",
      "ts-node": "^10.4.0",
      "typescript": "^4.4.4"
    },
    "scripts": {
      "build": "tsc -p tsconfig.json",
      "start": "nodemon --exec ts-node src/index.ts ../../misc/frame.fil"
    }
  }

yarn manifest: 
  No manifest

Lockfile: 
  No lockfile
